Determining if the pthread_create exist failed with the following output:
Change Dir: /home/cangorur/Workspace/chariot/conveyor_simulation_guthub/build/CMakeFiles/CMakeTmp

Run Build Command:"/usr/bin/make" "cmTC_09876/fast"
/usr/bin/make -f CMakeFiles/cmTC_09876.dir/build.make CMakeFiles/cmTC_09876.dir/build
make[1]: Entering directory '/home/cangorur/Workspace/chariot/conveyor_simulation_guthub/build/CMakeFiles/CMakeTmp'
Building C object CMakeFiles/cmTC_09876.dir/CheckSymbolExists.c.o
/usr/bin/cc     -o CMakeFiles/cmTC_09876.dir/CheckSymbolExists.c.o   -c /home/cangorur/Workspace/chariot/conveyor_simulation_guthub/build/CMakeFiles/CMakeTmp/CheckSymbolExists.c
Linking C executable cmTC_09876
/usr/bin/cmake -E cmake_link_script CMakeFiles/cmTC_09876.dir/link.txt --verbose=1
/usr/bin/cc       CMakeFiles/cmTC_09876.dir/CheckSymbolExists.c.o  -o cmTC_09876 -rdynamic 
CMakeFiles/cmTC_09876.dir/CheckSymbolExists.c.o: In function `main':
CheckSymbolExists.c:(.text+0x16): undefined reference to `pthread_create'
collect2: error: ld returned 1 exit status
CMakeFiles/cmTC_09876.dir/build.make:97: recipe for target 'cmTC_09876' failed
make[1]: *** [cmTC_09876] Error 1
make[1]: Leaving directory '/home/cangorur/Workspace/chariot/conveyor_simulation_guthub/build/CMakeFiles/CMakeTmp'
Makefile:126: recipe for target 'cmTC_09876/fast' failed
make: *** [cmTC_09876/fast] Error 2

File /home/cangorur/Workspace/chariot/conveyor_simulation_guthub/build/CMakeFiles/CMakeTmp/CheckSymbolExists.c:
/* */
#include <pthread.h>

int main(int argc, char** argv)
{
  (void)argv;
#ifndef pthread_create
  return ((int*)(&pthread_create))[argc];
#else
  (void)argc;
  return 0;
#endif
}

Determining if the function pthread_create exists in the pthreads failed with the following output:
Change Dir: /home/cangorur/Workspace/chariot/conveyor_simulation_guthub/build/CMakeFiles/CMakeTmp

Run Build Command:"/usr/bin/make" "cmTC_45a36/fast"
/usr/bin/make -f CMakeFiles/cmTC_45a36.dir/build.make CMakeFiles/cmTC_45a36.dir/build
make[1]: Entering directory '/home/cangorur/Workspace/chariot/conveyor_simulation_guthub/build/CMakeFiles/CMakeTmp'
Building C object CMakeFiles/cmTC_45a36.dir/CheckFunctionExists.c.o
/usr/bin/cc    -DCHECK_FUNCTION_EXISTS=pthread_create   -o CMakeFiles/cmTC_45a36.dir/CheckFunctionExists.c.o   -c /usr/share/cmake-3.5/Modules/CheckFunctionExists.c
Linking C executable cmTC_45a36
/usr/bin/cmake -E cmake_link_script CMakeFiles/cmTC_45a36.dir/link.txt --verbose=1
/usr/bin/cc   -DCHECK_FUNCTION_EXISTS=pthread_create    CMakeFiles/cmTC_45a36.dir/CheckFunctionExists.c.o  -o cmTC_45a36 -rdynamic -lpthreads 
/usr/bin/ld: cannot find -lpthreads
collect2: error: ld returned 1 exit status
CMakeFiles/cmTC_45a36.dir/build.make:97: recipe for target 'cmTC_45a36' failed
make[1]: *** [cmTC_45a36] Error 1
make[1]: Leaving directory '/home/cangorur/Workspace/chariot/conveyor_simulation_guthub/build/CMakeFiles/CMakeTmp'
Makefile:126: recipe for target 'cmTC_45a36/fast' failed
make: *** [cmTC_45a36/fast] Error 2


